Arguments: 
  /usr/local/share/nvm/versions/node/v20.12.1/bin/node /usr/share/yarn/bin/yarn.js install

PATH: 
  /opt/git/bin:/opt/conda/condabin:/home/codespace/.dotnet:/home/codespace/nvm/current/bin:/home/codespace/.php/current/bin:/home/codespace/.python/current/bin:/home/codespace/java/current/bin:/home/codespace/.ruby/current/bin:/home/codespace/.local/bin:/usr/local/python/current/bin:/usr/local/py-utils/bin:/usr/local/oryx:/usr/local/go/bin:/go/bin:/usr/local/sdkman/bin:/usr/local/sdkman/candidates/java/current/bin:/usr/local/sdkman/candidates/gradle/current/bin:/usr/local/sdkman/candidates/maven/current/bin:/usr/local/sdkman/candidates/ant/current/bin:/usr/local/rvm/gems/default/bin:/usr/local/rvm/gems/default@global/bin:/usr/local/rvm/rubies/default/bin:/usr/local/share/rbenv/bin:/usr/local/php/current/bin:/opt/conda/bin:/usr/local/nvs:/usr/local/share/nvm/current/bin:/usr/local/hugo/bin:/usr/local/sbin:/usr/local/bin:/usr/sbin:/usr/bin:/sbin:/bin:/usr/share/dotnet:/root/.dotnet/tools:/usr/local/rvm/bin

Yarn version: 
  1.22.19

Node version: 
  20.12.1

Platform: 
  linux x64

Trace: 
  Error: ENOENT: no such file or directory, open '/root/.cache/yarn/v6/npm-camelcase-7.0.1-f02e50af9fd7782bc8b88a3558c32fd3a388f048-integrity/node_modules/camelcase/.yarn-tarball.tgz'

npm manifest: 
  {
  	"name": "discord-server-cloner-2",
  	"version": "2.0",
  	"description": "Discord Server Cloner 2.0 - Infinite community",
  	"main": "src/index",
  	"scripts": {
  		"pass": "start.bat",
  		"start": "tsx src/index"
  	},
  	"devDependencies": {
  		"@types/gradient-string": "^1.1.5",
  		"@types/node": "^20.10.7",
  		"@types/readline-sync": "^1.4.8",
  		"ts-node": "^10.9.2"
  	},
  	"keywords": [],
  	"author": "joaokristani",
  	"license": "ISC",
  	"dependencies": {
  		"boxen": "^7.1.1",
  		"chalk": "^5.3.0",
  		"discord.js-selfbot-v13": "^2.15.1",
  		"dotenv": "^16.3.1",
  		"gradient-string": "^2.0.2",
  		"node-fetch": "^3.3.2",
  		"readline-sync": "^1.4.10",
  		"tsx": "^3.14.0"
  	}
  }

yarn manifest: 
  No manifest

Lockfile: 
  No lockfile
